Removed Pin From Net: NetName=GND Pin=J3-1
Removed Pin From Net: NetName=+3V3 Pin=J3-2
Removed Pin From Net: NetName=GND Pin=J3-3
Removed Pin From Net: NetName=GPIO0 Pin=J3-4
Removed Pin From Net: NetName=GND Pin=J3-5
Removed Pin From Net: NetName=GPIO1 Pin=J3-6
Removed Pin From Net: NetName=GND Pin=J3-7
Removed Pin From Net: NetName=GPIO2 Pin=J3-8
Removed Pin From Net: NetName=GND Pin=J3-9
Removed Pin From Net: NetName=GPIO3 Pin=J3-10
Removed Pin From Net: NetName=GND Pin=J3-11
Removed Pin From Net: NetName=GPIO4 Pin=J3-12
Removed Pin From Net: NetName=GND Pin=J3-13
Removed Pin From Net: NetName=GPIO5 Pin=J3-14
Removed Pin From Net: NetName=GND Pin=J3-15
Removed Pin From Net: NetName=GPIO6 Pin=J3-16
Removed Pin From Net: NetName=GND Pin=J3-17
Removed Pin From Net: NetName=GPIO7 Pin=J3-18
Removed Pin From Net: NetName=GND Pin=J3-19
Removed Pin From Net: NetName=GPIO8 Pin=J3-20
Removed Pin From Net: NetName=GND Pin=J3-21
Removed Pin From Net: NetName=GPIO9 Pin=J3-22
Removed Pin From Net: NetName=GND Pin=J3-23
Removed Pin From Net: NetName=GPIO10 Pin=J3-24
Removed Pin From Net: NetName=GND Pin=J3-25
Removed Pin From Net: NetName=GPIO11 Pin=J3-26
Removed Pin From Net: NetName=GND Pin=J3-27
Removed Pin From Net: NetName=GPIO12 Pin=J3-28
Removed Pin From Net: NetName=GND Pin=J3-29
Removed Pin From Net: NetName=GPIO13 Pin=J3-30
Removed Pin From Net: NetName=GND Pin=J3-31
Removed Pin From Net: NetName=GPIO14 Pin=J3-32
Removed Pin From Net: NetName=GND Pin=J3-33
Removed Pin From Net: NetName=GPIO15 Pin=J3-34
Removed Pin From Net: NetName=GND Pin=J3-35
Removed Pin From Net: NetName=GND Pin=J3-36
Removed Pin From Net: NetName=GPIO29_ADC3 Pin=J4-1
Removed Pin From Net: NetName=GND Pin=J4-2
Removed Pin From Net: NetName=GPIO28_ADC2 Pin=J4-3
Removed Pin From Net: NetName=GND Pin=J4-4
Removed Pin From Net: NetName=GPIO27_ADC1 Pin=J4-5
Removed Pin From Net: NetName=GND Pin=J4-6
Removed Pin From Net: NetName=GPIO26_ADC0 Pin=J4-7
Removed Pin From Net: NetName=GND Pin=J4-8
Removed Pin From Net: NetName=GPIO25 Pin=J4-9
Removed Pin From Net: NetName=GND Pin=J4-10
Removed Pin From Net: NetName=GPIO24 Pin=J4-11
Removed Pin From Net: NetName=GND Pin=J4-12
Removed Pin From Net: NetName=GPIO23 Pin=J4-13
Removed Pin From Net: NetName=GND Pin=J4-14
Removed Pin From Net: NetName=GPIO22 Pin=J4-15
Removed Pin From Net: NetName=GND Pin=J4-16
Removed Pin From Net: NetName=GPIO21 Pin=J4-17
Removed Pin From Net: NetName=GND Pin=J4-18
Removed Pin From Net: NetName=GPIO20 Pin=J4-19
Removed Pin From Net: NetName=GND Pin=J4-20
Removed Pin From Net: NetName=GPIO19 Pin=J4-21
Removed Pin From Net: NetName=GND Pin=J4-22
Removed Pin From Net: NetName=GPIO18 Pin=J4-23
Removed Pin From Net: NetName=GND Pin=J4-24
Removed Pin From Net: NetName=GPIO17 Pin=J4-25
Removed Pin From Net: NetName=GND Pin=J4-26
Removed Pin From Net: NetName=GPIO16 Pin=J4-27
Removed Pin From Net: NetName=GND Pin=J4-28
Removed Pin From Net: NetName=RUN Pin=J4-29
Removed Pin From Net: NetName=GND Pin=J4-30
Removed Pin From Net: NetName=SWD Pin=J4-31
Removed Pin From Net: NetName=GND Pin=J4-32
Removed Pin From Net: NetName=SWCLK Pin=J4-33
Removed Pin From Net: NetName=GND Pin=J4-34
Removed Pin From Net: NetName=GND Pin=J4-35
Removed Pin From Net: NetName=GND Pin=J4-36
Change component parameters: Component "C1" not found
Change component parameters: Component "C2" not found
Change component parameters: Component "C3" not found
Change component parameters: Component "C4" not found
Change component parameters: Component "C5" not found
Change component parameters: Component "C6" not found
Change component parameters: Component "C7" not found
Change component parameters: Component "C8" not found
Change component parameters: Component "C9" not found
Change component parameters: Component "C10" not found
Change component parameters: Component "C11" not found
Change component parameters: Component "C12" not found
Change component parameters: Component "C13" not found
Change component parameters: Component "C14" not found
Change component parameters: Component "C15" not found
Change component parameters: Component "C16" not found
Change component parameters: Component "C17" not found
Change component parameters: Component "H1" not found
Change component parameters: Component "H2" not found
Change component parameters: Component "H3" not found
Change component parameters: Component "H4" not found
Change component parameters: Component "J1" not found
Change component parameters: Component "J2" not found
Change component parameters: Component "R1" not found
Change component parameters: Component "R2" not found
Change component parameters: Component "R3" not found
Change component parameters: Component "R4" not found
Change component parameters: Component "R5" not found
Change component parameters: Component "U1" not found
Change component parameters: Component "U2" not found
Change component parameters: Component "U3" not found
Change component parameters: Component "Y1" not found
Change Net Name : Old Net Name=Net-(C3-Pad1) New Net Name=NetC3_1
Change Net Name : Old Net Name=Net-(R3-Pad2) New Net Name=NetR3_2
Change Net Name : Old Net Name=Net-(R4-Pad2) New Net Name=NetR4_2
Added Class: Name=RP2040_minimal
Added Room: Name=RP2040_minimal
