Change Footprint: Cannot match pads with new footprint in component :U1 Footprint:SOT223_M
Change Physical Footprint: Designator=C1 Old Footprint=FP-GRM21B-0_1-MFG New Footprint=FP-GRM21B-0_1-MFG
Change Physical Footprint: Designator=C2 Old Footprint=FP-GCM155-0_05-IPC_B New Footprint=FP-GCM155-0_05-IPC_B
Change Physical Footprint: Designator=C3 Old Footprint=FP-GCM155-0_05-IPC_B New Footprint=FP-GCM155-0_05-IPC_B
Change Physical Footprint: Designator=C4 Old Footprint=FP-GRM21B-0_1-MFG New Footprint=FP-GRM21B-0_1-MFG
Change Physical Footprint: Designator=C5 Old Footprint=FP-GRM155-0_05-IPC_C New Footprint=FP-GRM155-0_05-IPC_C
Change Physical Footprint: Designator=C6 Old Footprint=FP-GRM155-0_05-IPC_C New Footprint=FP-GRM155-0_05-IPC_C
Change Physical Footprint: Designator=C7 Old Footprint=FP-GRM155-0_05-IPC_C New Footprint=FP-GRM155-0_05-IPC_C
Change Physical Footprint: Designator=C8 Old Footprint=FP-GCM155-0_05-IPC_B New Footprint=FP-GCM155-0_05-IPC_B
Change Physical Footprint: Designator=C9 Old Footprint=FP-GRM155-0_05-IPC_C New Footprint=FP-GRM155-0_05-IPC_C
Change Physical Footprint: Designator=C10 Old Footprint=FP-GCM155-0_05-IPC_B New Footprint=FP-GCM155-0_05-IPC_B
Change Physical Footprint: Designator=C11 Old Footprint=FP-GRM155-0_05-IPC_C New Footprint=FP-GRM155-0_05-IPC_C
Change Physical Footprint: Designator=C12 Old Footprint=FP-GRM155-0_05-IPC_C New Footprint=FP-GRM155-0_05-IPC_C
Change Physical Footprint: Designator=C13 Old Footprint=FP-GRM155-0_05-IPC_C New Footprint=FP-GRM155-0_05-IPC_C
Change Physical Footprint: Designator=C14 Old Footprint=FP-GRM155-0_05-IPC_C New Footprint=FP-GRM155-0_05-IPC_C
Change Physical Footprint: Designator=C15 Old Footprint=FP-GRM155-0_05-IPC_C New Footprint=FP-GRM155-0_05-IPC_C
Change Physical Footprint: Designator=C16 Old Footprint=FP-GRM155-0_05-IPC_C New Footprint=FP-GRM155-0_05-IPC_C
Change Physical Footprint: Designator=C17 Old Footprint=FP-GRM21B-0_1-MFG New Footprint=FP-GRM21B-0_1-MFG
Change Physical Footprint: Designator=C18 Old Footprint=FP-C0603-CJ-MFG New Footprint=FP-C0603-CJ-MFG
Change Physical Footprint: Designator=C19 Old Footprint=VISH-TR8-M_L New Footprint=VISH-TR8-M_L
Change Physical Footprint: Designator=C20 Old Footprint=FP-C0603-CJ-MFG New Footprint=FP-C0603-CJ-MFG
Change Physical Footprint: Designator=C21 Old Footprint=FP-C0603C-CF-MFG New Footprint=FP-C0603C-CF-MFG
Change Physical Footprint: Designator=C22 Old Footprint=CAPC1608X87X35NL15T15 New Footprint=CAPC1608X87X35NL15T15
Change Physical Footprint: Designator=C23 Old Footprint=FP-C0603-CJ-MFG New Footprint=FP-C0603-CJ-MFG
Change Physical Footprint: Designator=J1 Old Footprint=USB_Micro-B_Amphenol_10103594-0001LF_Horizontal_modified New Footprint=USB_Micro-B_Amphenol_10103594-0001LF_Horizontal_modified
Change Physical Footprint: Designator=J3 Old Footprint=FP-B6B-XH-A_LF_SN-MFG New Footprint=FP-B6B-XH-A_LF_SN-MFG
Change Physical Footprint: Designator=J4 Old Footprint=FP-B6B-XH-A_LF_SN-MFG New Footprint=FP-B6B-XH-A_LF_SN-MFG
Change Physical Footprint: Designator=R1 Old Footprint=RESC1005X40X25ML05T10 New Footprint=RESC1005X40X25ML05T10
Change Physical Footprint: Designator=R2 Old Footprint=0402-A New Footprint=0402-A
Change Physical Footprint: Designator=R3 Old Footprint=RESC1005X40X25ML05T10 New Footprint=RESC1005X40X25ML05T10
Change Physical Footprint: Designator=R4 Old Footprint=RESC1005X40X25ML05T10 New Footprint=RESC1005X40X25ML05T10
Change Physical Footprint: Designator=R5 Old Footprint=0402 New Footprint=0402
Change Physical Footprint: Designator=R6 Old Footprint=FP-ERA3A-IPC_C New Footprint=FP-ERA3A-IPC_C
Change Physical Footprint: Designator=R7 Old Footprint=FP-ERA3A-IPC_C New Footprint=FP-ERA3A-IPC_C
Change Physical Footprint: Designator=SW1 Old Footprint=FP-B3U-1000P-MFG New Footprint=FP-B3U-1000P-MFG
Change Physical Footprint: Designator=SW2 Old Footprint=FP-B3U-1000P-MFG New Footprint=FP-B3U-1000P-MFG
Change Physical Footprint: Designator=U2 Old Footprint=SOIC127P790X216-8N New Footprint=SOIC127P790X216-8N
Change Physical Footprint: Designator=U3 Old Footprint=Pico2040-QFN-56 New Footprint=Pico2040-QFN-56
Change Physical Footprint: Designator=U4 Old Footprint=FP-SSOP24-P-300-0_65A-IPC_A New Footprint=FP-SSOP24-P-300-0_65A-IPC_A
Change Physical Footprint: Designator=U5 Old Footprint=IS-QFN-24_V New Footprint=IS-QFN-24_V
Change Physical Footprint: Designator=Y1 Old Footprint=Crystal_SMD_HC49-US New Footprint=Crystal_SMD_HC49-US
