Update Managed Component C1 From CMP-2007-03534-2[GRM21BR61C106KE15K] To CMP-2007-03534-2[GRM21BR61C106KE15K] in RP2040_minimal.SchDoc
Update Managed Component C2 From CMP-06035-017587-1[GCM1555C1H270JA16D] To CMP-06035-017587-1[GCM1555C1H270JA16D] in RP2040_minimal.SchDoc
Update Managed Component C3 From CMP-06035-017587-1[GCM1555C1H270JA16D] To CMP-06035-017587-1[GCM1555C1H270JA16D] in RP2040_minimal.SchDoc
Update Managed Component C4 From CMP-2007-03534-2[GRM21BR61C106KE15K] To CMP-2007-03534-2[GRM21BR61C106KE15K] in RP2040_minimal.SchDoc
Update Managed Component C5 From CMP-06035-003995-1[GRM155R71E104KE14J] To CMP-06035-003995-1[GRM155R71E104KE14J] in RP2040_minimal.SchDoc
Update Managed Component C6 From CMP-06035-003995-1[GRM155R71E104KE14J] To CMP-06035-003995-1[GRM155R71E104KE14J] in RP2040_minimal.SchDoc
Update Managed Component C7 From CMP-06035-003995-1[GRM155R71E104KE14J] To CMP-06035-003995-1[GRM155R71E104KE14J] in RP2040_minimal.SchDoc
Update Managed Component C8 From CMP-06035-017587-1[GCM1555C1H270JA16D] To CMP-06035-017587-1[GCM1555C1H270JA16D] in RP2040_minimal.SchDoc
Update Managed Component C9 From CMP-06035-003995-1[GRM155R71E104KE14J] To CMP-06035-003995-1[GRM155R71E104KE14J] in RP2040_minimal.SchDoc
Update Managed Component C10 From CMP-06035-017587-1[GCM1555C1H270JA16D] To CMP-06035-017587-1[GCM1555C1H270JA16D] in RP2040_minimal.SchDoc
Update Managed Component C11 From CMP-06035-003995-1[GRM155R71E104KE14J] To CMP-06035-003995-1[GRM155R71E104KE14J] in RP2040_minimal.SchDoc
Update Managed Component C12 From CMP-06035-003995-1[GRM155R71E104KE14J] To CMP-06035-003995-1[GRM155R71E104KE14J] in RP2040_minimal.SchDoc
Update Managed Component C13 From CMP-06035-003995-1[GRM155R71E104KE14J] To CMP-06035-003995-1[GRM155R71E104KE14J] in RP2040_minimal.SchDoc
Update Managed Component C14 From CMP-06035-003995-1[GRM155R71E104KE14J] To CMP-06035-003995-1[GRM155R71E104KE14J] in RP2040_minimal.SchDoc
Update Managed Component C15 From CMP-06035-003995-1[GRM155R71E104KE14J] To CMP-06035-003995-1[GRM155R71E104KE14J] in RP2040_minimal.SchDoc
Update Managed Component C16 From CMP-06035-003995-1[GRM155R71E104KE14J] To CMP-06035-003995-1[GRM155R71E104KE14J] in RP2040_minimal.SchDoc
Update Managed Component C17 From CMP-2007-03534-2[GRM21BR61C106KE15K] To CMP-2007-03534-2[GRM21BR61C106KE15K] in RP2040_minimal.SchDoc
Update Managed Component C18 From CMP-2006-03300-2[C0603X104K5RACTU] To CMP-2006-03300-2[C0603X104K5RACTU] in RP2040_minimal.SchDoc
Update Managed Component C19 From CMP-2000-07316-1[TR8M106M010C2000] To CMP-2000-07316-1[TR8M106M010C2000] in RP2040_minimal.SchDoc
Update Managed Component C20 From CMP-2006-03300-2[C0603X104K5RACTU] To CMP-2006-03300-2[C0603X104K5RACTU] in RP2040_minimal.SchDoc
Update Managed Component C21 From CMP-2006-03705-3[C0603C103J3GACTU] To CMP-2006-03705-3[C0603C103J3GACTU] in RP2040_minimal.SchDoc
Update Managed Component C22 From CMP-2006-03302-1[C0603X222K5RACTU] To CMP-2006-03302-1[C0603X222K5RACTU] in RP2040_minimal.SchDoc
Update Managed Component C23 From CMP-2006-03300-2[C0603X104K5RACTU] To CMP-2006-03300-2[C0603X104K5RACTU] in RP2040_minimal.SchDoc
Update Managed Component J3 From CMP-17439-000076-1[B6B-XH-A(LF)(SN)] To CMP-17439-000076-1[B6B-XH-A(LF)(SN)] in RP2040_minimal.SchDoc
Update Managed Component J4 From CMP-17439-000076-1[B6B-XH-A(LF)(SN)] To CMP-17439-000076-1[B6B-XH-A(LF)(SN)] in RP2040_minimal.SchDoc
Update Managed Component R1 From CMP-1011-00510-4[ERJ-2RKF1001X] To CMP-1011-00510-4[ERJ-2RKF1001X] in RP2040_minimal.SchDoc
Update Managed Component R3 From CMP-2002-07553-1[RC0402FR-0727R4L] To CMP-2002-07553-1[RC0402FR-0727R4L] in RP2040_minimal.SchDoc
Update Managed Component R4 From CMP-2002-07553-1[RC0402FR-0727R4L] To CMP-2002-07553-1[RC0402FR-0727R4L] in RP2040_minimal.SchDoc
Update Managed Component R5 From CMP-1011-00510-4[ERJ-2RKF1001X] To CMP-1011-00510-4[ERJ-2RKF1001X] in RP2040_minimal.SchDoc
Update Managed Component R6 From CMP-2000-00874-2[ERA-3AEB103V] To CMP-2000-00874-2[ERA-3AEB103V] in RP2040_minimal.SchDoc
Update Managed Component R7 From CMP-2000-00874-2[ERA-3AEB103V] To CMP-2000-00874-2[ERA-3AEB103V] in RP2040_minimal.SchDoc
Update Managed Component SW1 From CMP-2100-03586-2[B3U-1000P] To CMP-2100-03586-2[B3U-1000P] in RP2040_minimal.SchDoc
Update Managed Component SW2 From CMP-2100-03586-2[B3U-1000P] To CMP-2100-03586-2[B3U-1000P] in RP2040_minimal.SchDoc
Replace Part U2 W25Q128JVS in E:\Thesis\PCB_PICO_SMT\Imported RP2040_minimal\RP2040_minimal.SchDoc with W25Q128JVS from RP2040_minimal.SchLib
Update Managed Component U4 From CMP-2100-03693-4[TB6612FNG,C,8,EL] To CMP-2100-03693-4[TB6612FNG,C,8,EL] in RP2040_minimal.SchDoc
Replace Part U5 MPU-6050 in E:\Thesis\PCB_PICO_SMT\Imported RP2040_minimal\RP2040_minimal.SchDoc with MPU-6050 from MPU-6050.IntLib
