Remove Pin=J2-1 From Net=Vin
Remove Pin=J4-01 From Net=VCC5V
Remove Pin=J5-1 From Net=BO1
Remove Pin=J5-3 From Net=MB2
Remove Pin=J5-4 From Net=MA2
Remove Pin=J5-5 From Net=+3V3
Remove Pin=J5-6 From Net=BO2
Remove Pin=J6-1 From Net=AO1
Remove Pin=J6-3 From Net=MB1
Remove Pin=J6-4 From Net=MA1
Remove Pin=J6-5 From Net=+3V3
Remove Pin=J6-6 From Net=AO2
Remove Pin=M1-1 From Net=GND
Remove Pin=M1-2 From Net=+5V
Remove Pin=M1-3 From Net=SERVO1
Remove Pin=M2-1 From Net=GND
Remove Pin=M2-2 From Net=+5V
Remove Pin=M2-3 From Net=SERVO2
Remove Pin=M3-1 From Net=+3V3
Remove Pin=M3-2 From Net=Trig
Remove Pin=M3-3 From Net=Echo
Remove Pin=M3-4 From Net=GND
Remove Pin=R6-2 From Net=USB_D_P
Remove Pin=R7-2 From Net=USB_D_N
Remove Pin=R12-1 From Net=+3V3
Remove Pin=TP1-1 From Net=CSn
Remove Pin=TP2-1 From Net=MISO
Remove Pin=TP3-1 From Net=MOSI
Remove Pin=TP4-1 From Net=SCK
Remove Pin=TP5-1 From Net=MOSI
Remove Pin=TP6-1 From Net=SWCLK
Remove Pin=TP7-1 From Net=SWDIO
Remove Pin=TP8-1 From Net=GND
Remove Pin=TP9-1 From Net=+3V3
Remove Pin=TP10-1 From Net=+5V
Remove Pin=TP11-1 From Net=VCC5V
Remove Pin=U1-15 From Net=PWMB
Remove Pin=U1-16 From Net=BIN2
Remove Pin=U1-17 From Net=BIN1
Remove Pin=U1-21 From Net=AIN1
Remove Pin=U1-22 From Net=AIN2
Remove Pin=U1-23 From Net=PWMA
Remove Pin=U1-24 From Net=Vin
Remove Pin=U3-2 From Net=MISO
Remove Pin=U3-3 From Net=CSn
Remove Pin=U3-4 From Net=SCK
Remove Pin=U3-5 From Net=MOSI
Remove Pin=U3-6 From Net=MOSI
Remove Pin=U3-7 From Net=SCK
Remove Pin=U3-8 From Net=SERVO1
Remove Pin=U3-9 From Net=INT
Remove Pin=U3-11 From Net=SERVO2
Remove Pin=U3-12 From Net=Echo
Remove Pin=U3-13 From Net=Trig
Remove Pin=U3-15 From Net=MA1
Remove Pin=U3-16 From Net=MB1
Remove Pin=U3-17 From Net=PWMA
Remove Pin=U3-18 From Net=PWMB
Remove Pin=U3-20 From Net=XIN
Remove Pin=U3-21 From Net=XOUT
Remove Pin=U3-24 From Net=SWCLK
Remove Pin=U3-25 From Net=SWDIO
Remove Pin=U3-26 From Net=RUN
Remove Pin=U3-27 From Net=BIN2
Remove Pin=U3-28 From Net=BIN1
Remove Pin=U3-29 From Net=AIN1
Remove Pin=U3-30 From Net=AIN2
Remove Pin=U3-31 From Net=MB2
Remove Pin=U3-32 From Net=MA2
Remove Pin=U3-38 From Net=BAT
Remove Pin=U3-51 From Net=QSPI_SD3
Remove Pin=U3-52 From Net=QSPI_SCLK
Remove Pin=U3-53 From Net=QSPI_SD0
Remove Pin=U3-54 From Net=QSPI_SD2
Remove Pin=U3-55 From Net=QSPI_SD1
Remove Pin=U3-56 From Net=QSPI_SS
