Change Component Comment : Designator=U5 Old Comment=Comment New Comment=ICM-42688-P
Change component parameters: Designator = "U5" ("U5"); Footprint = "PQFN50P300X250X97-14N"; UniqueID = "\SNEEQBPO" ("\SNEEQBPO")
Change component parameters (AddParameter): Name = "Availability"; Value = "Unavailable"; VariantName = "[No Variations]"
Change component parameters (AddParameter): Name = "MF"; Value = ""; VariantName = "[No Variations]"
Change component parameters (AddParameter): Name = "MP"; Value = "ICM-42688-P"; VariantName = "[No Variations]"
Change component parameters (AddParameter): Name = "Package"; Value = "None"; VariantName = "[No Variations]"
Change component parameters (AddParameter): Name = "Price"; Value = "None"; VariantName = "[No Variations]"
Change component parameters (AddParameter): Name = "Value"; Value = ""; VariantName = "[No Variations]"
Add Component: Footprint Not Found SOIC127P790X216-8N
Added Pin To Net: NetName=MISO Pin=U5-1
Added Pin To Net: NetName=INT Pin=U5-4
Added Pin To Net: NetName=NetC36_2 Pin=U5-5
Added Pin To Net: NetName=GND Pin=U5-6
Added Pin To Net: NetName=+3V3 Pin=U5-8
Added Pin To Net: NetName=GND Pin=U5-9
Added Pin To Net: NetName=CSn Pin=U5-12
Added Pin To Net: NetName=SCK Pin=U5-13
Added Pin To Net: NetName=MOSI Pin=U5-14
Add Pin To Net: Unknown Pin: Pin U6-1
Add Pin To Net: Unknown Pin: Pin U6-2
Add Pin To Net: Unknown Pin: Pin U6-3
Add Pin To Net: Unknown Pin: Pin U6-4
Add Pin To Net: Unknown Pin: Pin U6-5
Add Pin To Net: Unknown Pin: Pin U6-6
Add Pin To Net: Unknown Pin: Pin U6-7
Add Pin To Net: Unknown Pin: Pin U6-8
Add Class Member: Failed to add class member : Component U6 W25Q128JVSIQ
