Removed Pin From Net: NetName=Vin Pin=J2-1
Removed Pin From Net: NetName=VCC5V Pin=J4-01
Removed Pin From Net: NetName=BO1 Pin=J5-1
Removed Pin From Net: NetName=+3V3 Pin=J5-5
Removed Pin From Net: NetName=BO2 Pin=J5-6
Removed Pin From Net: NetName=AO1 Pin=J6-1
Removed Pin From Net: NetName=+3V3 Pin=J6-5
Removed Pin From Net: NetName=AO2 Pin=J6-6
Removed Pin From Net: NetName=GND Pin=M1-1
Removed Pin From Net: NetName=+5V Pin=M1-2
Removed Pin From Net: NetName=GND Pin=M2-1
Removed Pin From Net: NetName=+5V Pin=M2-2
Removed Pin From Net: NetName=+3V3 Pin=M3-1
Removed Pin From Net: NetName=GND Pin=M3-4
Removed Pin From Net: NetName=USB_D_P Pin=R6-2
Removed Pin From Net: NetName=USB_D_N Pin=R7-2
Removed Pin From Net: NetName=+3V3 Pin=R12-1
Removed Pin From Net: NetName=MOSI Pin=TP3-1
Removed Pin From Net: NetName=SCK Pin=TP4-1
Removed Pin From Net: NetName=MOSI Pin=TP5-1
Removed Pin From Net: NetName=GND Pin=TP8-1
Removed Pin From Net: NetName=+3V3 Pin=TP9-1
Removed Pin From Net: NetName=+5V Pin=TP10-1
Removed Pin From Net: NetName=VCC5V Pin=TP11-1
Removed Pin From Net: NetName=Vin Pin=U1-24
Removed Pin From Net: NetName=SCK Pin=U3-4
Removed Pin From Net: NetName=MOSI Pin=U3-5
Removed Pin From Net: NetName=MOSI Pin=U3-6
Removed Pin From Net: NetName=SCK Pin=U3-7
Removed Pin From Net: NetName=XIN Pin=U3-20
Removed Pin From Net: NetName=XOUT Pin=U3-21
Removed Pin From Net: NetName=RUN Pin=U3-26
Removed Pin From Net: NetName=BAT Pin=U3-38
Removed Pin From Net: NetName=QSPI_SS Pin=U3-56
Change Component Footprint: Designator=J2 Old Footprint=694106301002 New Footprint=694106301002
Change Component Footprint: Designator=U1 Old Footprint=FP-SSOP24-P-300-0_65A-IPC_A New Footprint=FP-SSOP24-P-300-0_65A-IPC_A
Change Component Footprint: Designator=D1 Old Footprint=WL-SMCW_0805_150080xx75000 New Footprint=WL-SMCW_0805_150080xx75000
Add Component: Footprint Not Found PQFN50P300X250X97-14N
Add Component: Footprint Not Found SOIC127P790X216-8N
Added Pin To Net: NetName=NetL1_11 Pin=L1-1
Added Pin To Net: NetName=VCC5V Pin=L1-2
Add Pin To Net: Unknown Pin: Pin U5-5
Add Pin To Net: Unknown Pin: Pin U5-6
Add Pin To Net: Unknown Pin: Pin U5-8
Add Pin To Net: Unknown Pin: Pin U5-9
Add Pin To Net: Unknown Pin: Pin U5-13
Add Pin To Net: Unknown Pin: Pin U5-14
Add Pin To Net: Unknown Pin: Pin U6-1
Add Pin To Net: Unknown Pin: Pin U6-4
Add Pin To Net: Unknown Pin: Pin U6-8
Change Net Name : Old Net Name=NetL1_11 New Net Name=NetL1_1
Added Member To Class: ClassName=board schematic Member=Component C1 10u L
Added Member To Class: ClassName=board schematic Member=Component C2 0.1u
Added Member To Class: ClassName=board schematic Member=Component C3 47u
Added Member To Class: ClassName=board schematic Member=Component C4 0.1u
Added Member To Class: ClassName=board schematic Member=Component C5 0.1u
Added Member To Class: ClassName=board schematic Member=Component C6 15p
Added Member To Class: ClassName=board schematic Member=Component C7 0.1u
Added Member To Class: ClassName=board schematic Member=Component C8 0.1u
Added Member To Class: ClassName=board schematic Member=Component C9 0.1u
Added Member To Class: ClassName=board schematic Member=Component C10 0.1u
Added Member To Class: ClassName=board schematic Member=Component C11 0.1u
Added Member To Class: ClassName=board schematic Member=Component C12 0.1u
Added Member To Class: ClassName=board schematic Member=Component C13 0.1u
Added Member To Class: ClassName=board schematic Member=Component C14 0.1u
Added Member To Class: ClassName=board schematic Member=Component C15 1u
Added Member To Class: ClassName=board schematic Member=Component C16 10u L
Added Member To Class: ClassName=board schematic Member=Component C17 10u L
Added Member To Class: ClassName=board schematic Member=Component C18 1u
Added Member To Class: ClassName=board schematic Member=Component C19 47u
Added Member To Class: ClassName=board schematic Member=Component C20 47u
Added Member To Class: ClassName=board schematic Member=Component C21 15p
Added Member To Class: ClassName=board schematic Member=Component C22 10u
Added Member To Class: ClassName=board schematic Member=Component C23 10u
Added Member To Class: ClassName=board schematic Member=Component C24 10u
Added Member To Class: ClassName=board schematic Member=Component C25 10u
Added Member To Class: ClassName=board schematic Member=Component C26 10u
Added Member To Class: ClassName=board schematic Member=Component C27 10u
Added Member To Class: ClassName=board schematic Member=Component C28 0.1u
Added Member To Class: ClassName=board schematic Member=Component C29 10u
Added Member To Class: ClassName=board schematic Member=Component C30 0.1u
Added Member To Class: ClassName=board schematic Member=Component C31 0.1u
Added Member To Class: ClassName=board schematic Member=Component C32 0.1u
Added Member To Class: ClassName=board schematic Member=Component C33 10u L
Added Member To Class: ClassName=board schematic Member=Component C34 2.2u
Added Member To Class: ClassName=board schematic Member=Component C35 0.1u
Added Member To Class: ClassName=board schematic Member=Component C36 10u
Added Member To Class: ClassName=board schematic Member=Component D1 150080VS75000
Added Member To Class: ClassName=board schematic Member=Component J2 Barrel jack
Added Member To Class: ClassName=board schematic Member=Component J3 YS
Added Member To Class: ClassName=board schematic Member=Component J4 USB A
Added Member To Class: ClassName=board schematic Member=Component J5 B6B-XH-A(LF)(SN)
Added Member To Class: ClassName=board schematic Member=Component J6 B6B-XH-A(LF)(SN)
Added Member To Class: ClassName=board schematic Member=Component L1 2.2uH
Added Member To Class: ClassName=board schematic Member=Component M1 Servo1
Added Member To Class: ClassName=board schematic Member=Component M2 Servo2
Added Member To Class: ClassName=board schematic Member=Component M3 Sonic
Added Member To Class: ClassName=board schematic Member=Component R1 5k1
Added Member To Class: ClassName=board schematic Member=Component R2 5k1
Added Member To Class: ClassName=board schematic Member=Component R3 100k
Added Member To Class: ClassName=board schematic Member=Component R4 270k
Added Member To Class: ClassName=board schematic Member=Component R5 51k
Added Member To Class: ClassName=board schematic Member=Component R6 27.4
Added Member To Class: ClassName=board schematic Member=Component R7 27.4
Added Member To Class: ClassName=board schematic Member=Component R8 270k
Added Member To Class: ClassName=board schematic Member=Component R9 1k
Added Member To Class: ClassName=board schematic Member=Component R10 51k
Added Member To Class: ClassName=board schematic Member=Component R11 1k
Added Member To Class: ClassName=board schematic Member=Component R12 51k
Added Member To Class: ClassName=board schematic Member=Component SW1 B3U-1000P-B
Added Member To Class: ClassName=board schematic Member=Component SW2 B3U-1000P-B
Added Member To Class: ClassName=board schematic Member=Component TP1 TP
Added Member To Class: ClassName=board schematic Member=Component TP2 TP
Added Member To Class: ClassName=board schematic Member=Component TP3 TP
Added Member To Class: ClassName=board schematic Member=Component TP4 TP
Added Member To Class: ClassName=board schematic Member=Component TP5 TP
Added Member To Class: ClassName=board schematic Member=Component TP6 TP
Added Member To Class: ClassName=board schematic Member=Component TP7 TP
Added Member To Class: ClassName=board schematic Member=Component TP8 TP
Added Member To Class: ClassName=board schematic Member=Component TP9 TP
Added Member To Class: ClassName=board schematic Member=Component TP10 TP
Added Member To Class: ClassName=board schematic Member=Component TP11 TP
Added Member To Class: ClassName=board schematic Member=Component U1 TB6612FNG,C,8,EL
Added Member To Class: ClassName=board schematic Member=Component U2 AMS11173v3
Added Member To Class: ClassName=board schematic Member=Component U3 RP2040
Added Member To Class: ClassName=board schematic Member=Component U4 RegulatorSW
Add Class Member: Failed to add class member : Component U5 ICM-42688-P
Add Class Member: Failed to add class member : Component U6 W25Q128JVSIQ
Added Member To Class: ClassName=board schematic Member=Component U7 AMS1117 5V
Added Member To Class: ClassName=board schematic Member=Component Y1 ABM8-12.000MHZ-B2-T
