Added Component: Designator=C1(6-0805_M)
Add component (AddParameter): Name = "Creator"; Value = "Gabriel de Leon"; VariantName = "[No Variations]"
Added Component: Designator=C2(Cap 0603)
Add component (AddParameter): Name = "Creator"; Value = "Gabriel de Leon"; VariantName = "[No Variations]"
Added Component: Designator=C3(6-0805_M)
Add component (AddParameter): Name = "Creator"; Value = "Gabriel de Leon"; VariantName = "[No Variations]"
Added Component: Designator=C4(Cap 0603)
Add component (AddParameter): Name = "Creator"; Value = "Gabriel de Leon"; VariantName = "[No Variations]"
Added Component: Designator=C5(Cap 0603)
Add component (AddParameter): Name = "Creator"; Value = "Gabriel de Leon"; VariantName = "[No Variations]"
Added Component: Designator=C6(Cap 0603)
Add component (AddParameter): Name = "Creator"; Value = "Gabriel de Leon"; VariantName = "[No Variations]"
Added Component: Designator=C7(Cap 0603)
Add component (AddParameter): Name = "Creator"; Value = "Gabriel de Leon"; VariantName = "[No Variations]"
Added Component: Designator=C8(Cap 0603)
Add component (AddParameter): Name = "Creator"; Value = "Gabriel de Leon"; VariantName = "[No Variations]"
Added Component: Designator=C9(Cap 0603)
Add component (AddParameter): Name = "Creator"; Value = "Gabriel de Leon"; VariantName = "[No Variations]"
Added Component: Designator=C10(Cap 0603)
Add component (AddParameter): Name = "Creator"; Value = "Gabriel de Leon"; VariantName = "[No Variations]"
Added Component: Designator=C11(Cap 0603)
Add component (AddParameter): Name = "Creator"; Value = "Gabriel de Leon"; VariantName = "[No Variations]"
Added Component: Designator=C12(Cap 0603)
Add component (AddParameter): Name = "Creator"; Value = "Gabriel de Leon"; VariantName = "[No Variations]"
Added Component: Designator=C13(Cap 0603)
Add component (AddParameter): Name = "Creator"; Value = "Gabriel de Leon"; VariantName = "[No Variations]"
Added Component: Designator=C14(Cap 0603)
Add component (AddParameter): Name = "Creator"; Value = "Gabriel de Leon"; VariantName = "[No Variations]"
Added Component: Designator=C15(Cap 0603)
Add component (AddParameter): Name = "Creator"; Value = "Gabriel de Leon"; VariantName = "[No Variations]"
Added Component: Designator=C16(6-0805_M)
Add component (AddParameter): Name = "Creator"; Value = "Gabriel de Leon"; VariantName = "[No Variations]"
Added Component: Designator=C17(6-0805_M)
Add component (AddParameter): Name = "Creator"; Value = "Gabriel de Leon"; VariantName = "[No Variations]"
Added Component: Designator=C18(Cap 0603)
Add component (AddParameter): Name = "Creator"; Value = "Gabriel de Leon"; VariantName = "[No Variations]"
Added Component: Designator=C19(6-0805_M)
Add component (AddParameter): Name = "Creator"; Value = "Gabriel de Leon"; VariantName = "[No Variations]"
Added Component: Designator=C20(6-0805_M)
Add component (AddParameter): Name = "Creator"; Value = "Gabriel de Leon"; VariantName = "[No Variations]"
Added Component: Designator=C21(Cap 0603)
Add component (AddParameter): Name = "Creator"; Value = "Gabriel de Leon"; VariantName = "[No Variations]"
Added Component: Designator=C22(Cap 0603)
Add component (AddParameter): Name = "Creator"; Value = "Gabriel de Leon"; VariantName = "[No Variations]"
Added Component: Designator=C23(Cap 0603)
Add component (AddParameter): Name = "Creator"; Value = "Gabriel de Leon"; VariantName = "[No Variations]"
Added Component: Designator=C24(Cap 0603)
Add component (AddParameter): Name = "Creator"; Value = "Gabriel de Leon"; VariantName = "[No Variations]"
Added Component: Designator=C25(Cap 0603)
Add component (AddParameter): Name = "Creator"; Value = "Gabriel de Leon"; VariantName = "[No Variations]"
Added Component: Designator=C26(Cap 0603)
Add component (AddParameter): Name = "Creator"; Value = "Gabriel de Leon"; VariantName = "[No Variations]"
Added Component: Designator=C27(Cap 0603)
Add component (AddParameter): Name = "Creator"; Value = "Gabriel de Leon"; VariantName = "[No Variations]"
Added Component: Designator=C28(Cap 0603)
Add component (AddParameter): Name = "Creator"; Value = "Gabriel de Leon"; VariantName = "[No Variations]"
Added Component: Designator=C29(Cap 0603)
Add component (AddParameter): Name = "Creator"; Value = "Gabriel de Leon"; VariantName = "[No Variations]"
Added Component: Designator=C30(Cap 0603)
Add component (AddParameter): Name = "Creator"; Value = "Gabriel de Leon"; VariantName = "[No Variations]"
Added Component: Designator=C31(Cap 0603)
Add component (AddParameter): Name = "Creator"; Value = "Gabriel de Leon"; VariantName = "[No Variations]"
Added Component: Designator=C32(Cap 0603)
Add component (AddParameter): Name = "Creator"; Value = "Gabriel de Leon"; VariantName = "[No Variations]"
Added Component: Designator=C33(6-0805_M)
Add component (AddParameter): Name = "Creator"; Value = "Gabriel de Leon"; VariantName = "[No Variations]"
Added Component: Designator=C34(Cap 0603)
Add component (AddParameter): Name = "Creator"; Value = "Gabriel de Leon"; VariantName = "[No Variations]"
Added Component: Designator=C35(Cap 0603)
Add component (AddParameter): Name = "Creator"; Value = "Gabriel de Leon"; VariantName = "[No Variations]"
Added Component: Designator=C36(Cap 0603)
Add component (AddParameter): Name = "Creator"; Value = "Gabriel de Leon"; VariantName = "[No Variations]"
Added Component: Designator=D1(WL-SMCW_0805_150080xx75000)
Add component (AddParameter): Name = "Case Code (Imperial)"; Value = "0805"; VariantName = "[No Variations]"
Add component (AddParameter): Name = "Case Code (Metric)"; Value = "2012"; VariantName = "[No Variations]"
Add component (AddParameter): Name = "Case/Package"; Value = "0805"; VariantName = "[No Variations]"
Add component (AddParameter): Name = "Color"; Value = "Green"; VariantName = "[No Variations]"
Add component (AddParameter): Name = "Dominant Wavelength"; Value = "570nm"; VariantName = "[No Variations]"
Add component (AddParameter): Name = "Forward Current"; Value = "100mA"; VariantName = "[No Variations]"
Add component (AddParameter): Name = "Forward Voltage"; Value = "2V"; VariantName = "[No Variations]"
Add component (AddParameter): Name = "Height"; Value = "700µm"; VariantName = "[No Variations]"
Add component (AddParameter): Name = "Length"; Value = "2mm"; VariantName = "[No Variations]"
Add component (AddParameter): Name = "Lens Style"; Value = "Clear, Rectangular"; VariantName = "[No Variations]"
Add component (AddParameter): Name = "Luminous Intensity"; Value = "40mcd"; VariantName = "[No Variations]"
Add component (AddParameter): Name = "Max Junction Temperature (Tj)"; Value = "95°C"; VariantName = "[No Variations]"
Add component (AddParameter): Name = "Max Operating Temperature"; Value = "85°C"; VariantName = "[No Variations]"
Add component (AddParameter): Name = "Max Reverse Voltage (DC)"; Value = "5V"; VariantName = "[No Variations]"
Add component (AddParameter): Name = "Min Operating Temperature"; Value = "-40°C"; VariantName = "[No Variations]"
Add component (AddParameter): Name = "Mount"; Value = "Surface Mount"; VariantName = "[No Variations]"
Add component (AddParameter): Name = "NexarPartId"; Value = "29717783"; VariantName = "[No Variations]"
Add component (AddParameter): Name = "Packaging"; Value = "Tape and Reel"; VariantName = "[No Variations]"
Add component (AddParameter): Name = "Peak Wavelength"; Value = "572nm"; VariantName = "[No Variations]"
Add component (AddParameter): Name = "Power Dissipation"; Value = "72mW"; VariantName = "[No Variations]"
Add component (AddParameter): Name = "REACH SVHC"; Value = "Unknown"; VariantName = "[No Variations]"
Add component (AddParameter): Name = "Reverse Voltage"; Value = "5V"; VariantName = "[No Variations]"
Add component (AddParameter): Name = "RoHS"; Value = "Compliant"; VariantName = "[No Variations]"
Add component (AddParameter): Name = "Test Current"; Value = "20mA"; VariantName = "[No Variations]"
Add component (AddParameter): Name = "Viewing Angle"; Value = "140°"; VariantName = "[No Variations]"
Add component (AddParameter): Name = "Wavelength"; Value = "570nm"; VariantName = "[No Variations]"
Add component (AddParameter): Name = "Width"; Value = "1.25mm"; VariantName = "[No Variations]"
Added Component: Designator=J2(694106301002)
Add component (AddParameter): Name = "Color"; Value = "Black"; VariantName = "[No Variations]"
Add component (AddParameter): Name = "Connector Type"; Value = "Power"; VariantName = "[No Variations]"
Add component (AddParameter): Name = "Contact Gender"; Value = "Female"; VariantName = "[No Variations]"
Add component (AddParameter): Name = "Contact Material"; Value = "Gold, Tin"; VariantName = "[No Variations]"
Add component (AddParameter): Name = "Contact Plating"; Value = "Tin"; VariantName = "[No Variations]"
Add component (AddParameter): Name = "Current Rating"; Value = "5A"; VariantName = "[No Variations]"
Add component (AddParameter): Name = "Flammability Rating"; Value = "UL94 V-0"; VariantName = "[No Variations]"
Add component (AddParameter): Name = "Gender"; Value = "Male"; VariantName = "[No Variations]"
Add component (AddParameter): Name = "Height"; Value = "11mm"; VariantName = "[No Variations]"
Add component (AddParameter): Name = "Housing Material"; Value = "Polyamide"; VariantName = "[No Variations]"
Add component (AddParameter): Name = "Insulation Resistance"; Value = "100MO"; VariantName = "[No Variations]"
Add component (AddParameter): Name = "Max Operating Temperature"; Value = "85°C"; VariantName = "[No Variations]"
Add component (AddParameter): Name = "Min Operating Temperature"; Value = "-40°C"; VariantName = "[No Variations]"
Add component (AddParameter): Name = "Mount"; Value = "Through Hole"; VariantName = "[No Variations]"
Add component (AddParameter): Name = "NexarPartId"; Value = "52676100"; VariantName = "[No Variations]"
Add component (AddParameter): Name = "Number of Contacts"; Value = "3"; VariantName = "[No Variations]"
Add component (AddParameter): Name = "Operating Supply Voltage"; Value = "24V"; VariantName = "[No Variations]"
Add component (AddParameter): Name = "Packaging"; Value = "Bulk"; VariantName = "[No Variations]"
Add component (AddParameter): Name = "REACH SVHC"; Value = "Unknown"; VariantName = "[No Variations]"
Add component (AddParameter): Name = "RoHS"; Value = "Compliant"; VariantName = "[No Variations]"
Add component (AddParameter): Name = "Shielding"; Value = "Unshielded"; VariantName = "[No Variations]"
Add component (AddParameter): Name = "Termination"; Value = "Through Hole"; VariantName = "[No Variations]"
Add component (AddParameter): Name = "Voltage Rating"; Value = "24V"; VariantName = "[No Variations]"
Add component (AddParameter): Name = "Voltage Rating (DC)"; Value = "20V"; VariantName = "[No Variations]"
Added Component: Designator=J3(FP-12401610E4#2A-MFG)
Add component (AddParameter): Name = "Connector Type"; Value = "USB"; VariantName = "[No Variations]"
Add component (AddParameter): Name = "Gender"; Value = "Receptacle"; VariantName = "[No Variations]"
Add component (AddParameter): Name = "Mount"; Value = "Surface Mount"; VariantName = "[No Variations]"
Add component (AddParameter): Name = "Number of Contacts"; Value = "24"; VariantName = "[No Variations]"
Add component (AddParameter): Name = "Number of Pins"; Value = "24"; VariantName = "[No Variations]"
Add component (AddParameter): Name = "Packaging"; Value = "Cut Tape"; VariantName = "[No Variations]"
Added Component: Designator=J4(AMPHENOL_87583-2010RPLF)
Add component (AddParameter): Name = "Availability"; Value = "Unavailable"; VariantName = "[No Variations]"
Add component (AddParameter): Name = "MF"; Value = "Amphenol ICC"; VariantName = "[No Variations]"
Add component (AddParameter): Name = "MP"; Value = "87583-2010RPLF"; VariantName = "[No Variations]"
Add component (AddParameter): Name = "Package"; Value = "None"; VariantName = "[No Variations]"
Add component (AddParameter): Name = "Price"; Value = "None"; VariantName = "[No Variations]"
Add component (AddParameter): Name = "Value"; Value = ""; VariantName = "[No Variations]"
Added Component: Designator=J5(FP-B6B-XH-A_LF_SN-MFG)
Added Component: Designator=J6(FP-B6B-XH-A_LF_SN-MFG)
Added Component: Designator=L1(INDPM5552X300N)
Added Component: Designator=M1(3 Pin tht)
Added Component: Designator=M2(3 Pin tht)
Added Component: Designator=M3(4 Pin tht - duplicate)
Added Component: Designator=R1(6-0805_M)
Add component (AddParameter): Name = "LatestRevisionDate"; Value = "29-May-2009"; VariantName = "[No Variations]"
Add component (AddParameter): Name = "LatestRevisionNote"; Value = "IPC-7351 Footprint Added."; VariantName = "[No Variations]"
Add component (AddParameter): Name = "PackageDescription"; Value = "Chip Resistor"; VariantName = "[No Variations]"
Add component (AddParameter): Name = "PackageReference"; Value = "J1-0603"; VariantName = "[No Variations]"
Add component (AddParameter): Name = "Published"; Value = "8-Jun-2000"; VariantName = "[No Variations]"
Add component (AddParameter): Name = "Publisher"; Value = "Altium Limited"; VariantName = "[No Variations]"
Added Component: Designator=R2(6-0805_M)
Add component (AddParameter): Name = "LatestRevisionDate"; Value = "29-May-2009"; VariantName = "[No Variations]"
Add component (AddParameter): Name = "LatestRevisionNote"; Value = "IPC-7351 Footprint Added."; VariantName = "[No Variations]"
Add component (AddParameter): Name = "PackageDescription"; Value = "Chip Resistor"; VariantName = "[No Variations]"
Add component (AddParameter): Name = "PackageReference"; Value = "J1-0603"; VariantName = "[No Variations]"
Add component (AddParameter): Name = "Published"; Value = "8-Jun-2000"; VariantName = "[No Variations]"
Add component (AddParameter): Name = "Publisher"; Value = "Altium Limited"; VariantName = "[No Variations]"
Added Component: Designator=R3(6-0805_M)
Add component (AddParameter): Name = "LatestRevisionDate"; Value = "29-May-2009"; VariantName = "[No Variations]"
Add component (AddParameter): Name = "LatestRevisionNote"; Value = "IPC-7351 Footprint Added."; VariantName = "[No Variations]"
Add component (AddParameter): Name = "PackageDescription"; Value = "Chip Resistor"; VariantName = "[No Variations]"
Add component (AddParameter): Name = "PackageReference"; Value = "J1-0603"; VariantName = "[No Variations]"
Add component (AddParameter): Name = "Published"; Value = "8-Jun-2000"; VariantName = "[No Variations]"
Add component (AddParameter): Name = "Publisher"; Value = "Altium Limited"; VariantName = "[No Variations]"
Added Component: Designator=R4(6-0805_M)
Add component (AddParameter): Name = "LatestRevisionDate"; Value = "29-May-2009"; VariantName = "[No Variations]"
Add component (AddParameter): Name = "LatestRevisionNote"; Value = "IPC-7351 Footprint Added."; VariantName = "[No Variations]"
Add component (AddParameter): Name = "PackageDescription"; Value = "Chip Resistor"; VariantName = "[No Variations]"
Add component (AddParameter): Name = "PackageReference"; Value = "J1-0603"; VariantName = "[No Variations]"
Add component (AddParameter): Name = "Published"; Value = "8-Jun-2000"; VariantName = "[No Variations]"
Add component (AddParameter): Name = "Publisher"; Value = "Altium Limited"; VariantName = "[No Variations]"
Added Component: Designator=R5(6-0805_M)
Add component (AddParameter): Name = "LatestRevisionDate"; Value = "29-May-2009"; VariantName = "[No Variations]"
Add component (AddParameter): Name = "LatestRevisionNote"; Value = "IPC-7351 Footprint Added."; VariantName = "[No Variations]"
Add component (AddParameter): Name = "PackageDescription"; Value = "Chip Resistor"; VariantName = "[No Variations]"
Add component (AddParameter): Name = "PackageReference"; Value = "J1-0603"; VariantName = "[No Variations]"
Add component (AddParameter): Name = "Published"; Value = "8-Jun-2000"; VariantName = "[No Variations]"
Add component (AddParameter): Name = "Publisher"; Value = "Altium Limited"; VariantName = "[No Variations]"
Added Component: Designator=R6(J1-0603)
Add component (AddParameter): Name = "LatestRevisionDate"; Value = "29-May-2009"; VariantName = "[No Variations]"
Add component (AddParameter): Name = "LatestRevisionNote"; Value = "IPC-7351 Footprint Added."; VariantName = "[No Variations]"
Add component (AddParameter): Name = "PackageDescription"; Value = "Chip Resistor"; VariantName = "[No Variations]"
Add component (AddParameter): Name = "PackageReference"; Value = "J1-0603"; VariantName = "[No Variations]"
Add component (AddParameter): Name = "Published"; Value = "8-Jun-2000"; VariantName = "[No Variations]"
Add component (AddParameter): Name = "Publisher"; Value = "Altium Limited"; VariantName = "[No Variations]"
Added Component: Designator=R7(J1-0603)
Add component (AddParameter): Name = "LatestRevisionDate"; Value = "29-May-2009"; VariantName = "[No Variations]"
Add component (AddParameter): Name = "LatestRevisionNote"; Value = "IPC-7351 Footprint Added."; VariantName = "[No Variations]"
Add component (AddParameter): Name = "PackageDescription"; Value = "Chip Resistor"; VariantName = "[No Variations]"
Add component (AddParameter): Name = "PackageReference"; Value = "J1-0603"; VariantName = "[No Variations]"
Add component (AddParameter): Name = "Published"; Value = "8-Jun-2000"; VariantName = "[No Variations]"
Add component (AddParameter): Name = "Publisher"; Value = "Altium Limited"; VariantName = "[No Variations]"
Added Component: Designator=R8(6-0805_M)
Add component (AddParameter): Name = "LatestRevisionDate"; Value = "29-May-2009"; VariantName = "[No Variations]"
Add component (AddParameter): Name = "LatestRevisionNote"; Value = "IPC-7351 Footprint Added."; VariantName = "[No Variations]"
Add component (AddParameter): Name = "PackageDescription"; Value = "Chip Resistor"; VariantName = "[No Variations]"
Add component (AddParameter): Name = "PackageReference"; Value = "J1-0603"; VariantName = "[No Variations]"
Add component (AddParameter): Name = "Published"; Value = "8-Jun-2000"; VariantName = "[No Variations]"
Add component (AddParameter): Name = "Publisher"; Value = "Altium Limited"; VariantName = "[No Variations]"
Added Component: Designator=R9(J1-0603)
Add component (AddParameter): Name = "LatestRevisionDate"; Value = "29-May-2009"; VariantName = "[No Variations]"
Add component (AddParameter): Name = "LatestRevisionNote"; Value = "IPC-7351 Footprint Added."; VariantName = "[No Variations]"
Add component (AddParameter): Name = "PackageDescription"; Value = "Chip Resistor"; VariantName = "[No Variations]"
Add component (AddParameter): Name = "PackageReference"; Value = "J1-0603"; VariantName = "[No Variations]"
Add component (AddParameter): Name = "Published"; Value = "8-Jun-2000"; VariantName = "[No Variations]"
Add component (AddParameter): Name = "Publisher"; Value = "Altium Limited"; VariantName = "[No Variations]"
Added Component: Designator=R10(6-0805_M)
Add component (AddParameter): Name = "LatestRevisionDate"; Value = "29-May-2009"; VariantName = "[No Variations]"
Add component (AddParameter): Name = "LatestRevisionNote"; Value = "IPC-7351 Footprint Added."; VariantName = "[No Variations]"
Add component (AddParameter): Name = "PackageDescription"; Value = "Chip Resistor"; VariantName = "[No Variations]"
Add component (AddParameter): Name = "PackageReference"; Value = "J1-0603"; VariantName = "[No Variations]"
Add component (AddParameter): Name = "Published"; Value = "8-Jun-2000"; VariantName = "[No Variations]"
Add component (AddParameter): Name = "Publisher"; Value = "Altium Limited"; VariantName = "[No Variations]"
Added Component: Designator=R11(J1-0603)
Add component (AddParameter): Name = "LatestRevisionDate"; Value = "29-May-2009"; VariantName = "[No Variations]"
Add component (AddParameter): Name = "LatestRevisionNote"; Value = "IPC-7351 Footprint Added."; VariantName = "[No Variations]"
Add component (AddParameter): Name = "PackageDescription"; Value = "Chip Resistor"; VariantName = "[No Variations]"
Add component (AddParameter): Name = "PackageReference"; Value = "J1-0603"; VariantName = "[No Variations]"
Add component (AddParameter): Name = "Published"; Value = "8-Jun-2000"; VariantName = "[No Variations]"
Add component (AddParameter): Name = "Publisher"; Value = "Altium Limited"; VariantName = "[No Variations]"
Added Component: Designator=R12(6-0805_M)
Add component (AddParameter): Name = "LatestRevisionDate"; Value = "29-May-2009"; VariantName = "[No Variations]"
Add component (AddParameter): Name = "LatestRevisionNote"; Value = "IPC-7351 Footprint Added."; VariantName = "[No Variations]"
Add component (AddParameter): Name = "PackageDescription"; Value = "Chip Resistor"; VariantName = "[No Variations]"
Add component (AddParameter): Name = "PackageReference"; Value = "J1-0603"; VariantName = "[No Variations]"
Add component (AddParameter): Name = "Published"; Value = "8-Jun-2000"; VariantName = "[No Variations]"
Add component (AddParameter): Name = "Publisher"; Value = "Altium Limited"; VariantName = "[No Variations]"
Added Component: Designator=SW1(FP-B3U-1000P-B-MFG)
Add component (AddParameter): Name = "Ambient Temperature Range High"; Value = "+70°C"; VariantName = "[No Variations]"
Add component (AddParameter): Name = "Ambient Temperature Range Low"; Value = "-25°C"; VariantName = "[No Variations]"
Add component (AddParameter): Name = "Automotive"; Value = "No"; VariantName = "[No Variations]"
Add component (AddParameter): Name = "Category"; Value = "Switch"; VariantName = "[No Variations]"
Add component (AddParameter): Name = "ComponentLink2Description"; Value = "Datasheet"; VariantName = "[No Variations]"
Add component (AddParameter): Name = "ComponentLink2URL"; Value = "https://omronfs.omron.com/en_US/ecb/products/pdf/en-b3u.pdf"; VariantName = "[No Variations]"
Add component (AddParameter): Name = "Contact Current Rating"; Value = "50mA"; VariantName = "[No Variations]"
Add component (AddParameter): Name = "Contact Resistance"; Value = "100mO"; VariantName = "[No Variations]"
Add component (AddParameter): Name = "Device Class L1"; Value = "Electromechanical"; VariantName = "[No Variations]"
Add component (AddParameter): Name = "Device Class L2"; Value = "Switches"; VariantName = "[No Variations]"
Add component (AddParameter): Name = "Device Class L3"; Value = "Tactile Switches"; VariantName = "[No Variations]"
Add component (AddParameter): Name = "Digikey Description"; Value = "SWITCH TACTILE SPST-NO 0.05A 12V"; VariantName = "[No Variations]"
Add component (AddParameter): Name = "Electromechanical Life"; Value = "200000Cycles"; VariantName = "[No Variations]"
Add component (AddParameter): Name = "Height"; Value = "1.75mm"; VariantName = "[No Variations]"
Add component (AddParameter): Name = "Lead Free"; Value = "Yes"; VariantName = "[No Variations]"
Add component (AddParameter): Name = "Manufacturer"; Value = "Omron"; VariantName = "[No Variations]"
Add component (AddParameter): Name = "Manufacturer Part Number"; Value = "B3U-1000P-B"; VariantName = "[No Variations]"
Add component (AddParameter): Name = "Mount"; Value = "Surface Mount"; VariantName = "[No Variations]"
Add component (AddParameter): Name = "Mouser Description"; Value = "Tactile Switches Top Actuated with boss w/o ground"; VariantName = "[No Variations]"
Add component (AddParameter): Name = "Octopart"; Value = "https://octopart.com/b3u-1000p-b-omron-1057356"; VariantName = "[No Variations]"
Add component (AddParameter): Name = "Operating Force"; Value = "1.5N"; VariantName = "[No Variations]"
Add component (AddParameter): Name = "Package"; Value = "0"; VariantName = "[No Variations]"
Add component (AddParameter): Name = "RoHS"; Value = "TRUE"; VariantName = "[No Variations]"
Add component (AddParameter): Name = "Temperature"; Value = "-25°C to +70°C"; VariantName = "[No Variations]"
Add component (AddParameter): Name = "Temperature Range High"; Value = "+70°C"; VariantName = "[No Variations]"
Add component (AddParameter): Name = "Temperature Range Low"; Value = "-25°C"; VariantName = "[No Variations]"
Add component (AddParameter): Name = "Throw Configuration"; Value = "SPST-NO"; VariantName = "[No Variations]"
Add component (AddParameter): Name = "Voltage Rating Dc"; Value = "12V"; VariantName = "[No Variations]"
Added Component: Designator=SW2(FP-B3U-1000P-B-MFG)
Add component (AddParameter): Name = "Ambient Temperature Range High"; Value = "+70°C"; VariantName = "[No Variations]"
Add component (AddParameter): Name = "Ambient Temperature Range Low"; Value = "-25°C"; VariantName = "[No Variations]"
Add component (AddParameter): Name = "Automotive"; Value = "No"; VariantName = "[No Variations]"
Add component (AddParameter): Name = "Category"; Value = "Switch"; VariantName = "[No Variations]"
Add component (AddParameter): Name = "ComponentLink2Description"; Value = "Datasheet"; VariantName = "[No Variations]"
Add component (AddParameter): Name = "ComponentLink2URL"; Value = "https://omronfs.omron.com/en_US/ecb/products/pdf/en-b3u.pdf"; VariantName = "[No Variations]"
Add component (AddParameter): Name = "Contact Current Rating"; Value = "50mA"; VariantName = "[No Variations]"
Add component (AddParameter): Name = "Contact Resistance"; Value = "100mO"; VariantName = "[No Variations]"
Add component (AddParameter): Name = "Device Class L1"; Value = "Electromechanical"; VariantName = "[No Variations]"
Add component (AddParameter): Name = "Device Class L2"; Value = "Switches"; VariantName = "[No Variations]"
Add component (AddParameter): Name = "Device Class L3"; Value = "Tactile Switches"; VariantName = "[No Variations]"
Add component (AddParameter): Name = "Digikey Description"; Value = "SWITCH TACTILE SPST-NO 0.05A 12V"; VariantName = "[No Variations]"
Add component (AddParameter): Name = "Electromechanical Life"; Value = "200000Cycles"; VariantName = "[No Variations]"
Add component (AddParameter): Name = "Height"; Value = "1.75mm"; VariantName = "[No Variations]"
Add component (AddParameter): Name = "Lead Free"; Value = "Yes"; VariantName = "[No Variations]"
Add component (AddParameter): Name = "Manufacturer"; Value = "Omron"; VariantName = "[No Variations]"
Add component (AddParameter): Name = "Manufacturer Part Number"; Value = "B3U-1000P-B"; VariantName = "[No Variations]"
Add component (AddParameter): Name = "Mount"; Value = "Surface Mount"; VariantName = "[No Variations]"
Add component (AddParameter): Name = "Mouser Description"; Value = "Tactile Switches Top Actuated with boss w/o ground"; VariantName = "[No Variations]"
Add component (AddParameter): Name = "Octopart"; Value = "https://octopart.com/b3u-1000p-b-omron-1057356"; VariantName = "[No Variations]"
Add component (AddParameter): Name = "Operating Force"; Value = "1.5N"; VariantName = "[No Variations]"
Add component (AddParameter): Name = "Package"; Value = "0"; VariantName = "[No Variations]"
Add component (AddParameter): Name = "RoHS"; Value = "TRUE"; VariantName = "[No Variations]"
Add component (AddParameter): Name = "Temperature"; Value = "-25°C to +70°C"; VariantName = "[No Variations]"
Add component (AddParameter): Name = "Temperature Range High"; Value = "+70°C"; VariantName = "[No Variations]"
Add component (AddParameter): Name = "Temperature Range Low"; Value = "-25°C"; VariantName = "[No Variations]"
Add component (AddParameter): Name = "Throw Configuration"; Value = "SPST-NO"; VariantName = "[No Variations]"
Add component (AddParameter): Name = "Voltage Rating Dc"; Value = "12V"; VariantName = "[No Variations]"
Added Component: Designator=TP1(TP through)
Added Component: Designator=TP2(TP through)
Added Component: Designator=TP3(TP through)
Added Component: Designator=TP4(TP through)
Added Component: Designator=TP5(TP through)
Added Component: Designator=TP6(TP through)
Added Component: Designator=TP7(TP through)
Added Component: Designator=TP8(TP through)
Added Component: Designator=TP9(TP through)
Added Component: Designator=TP10(TP through)
Added Component: Designator=TP11(TP through)
Added Component: Designator=U1(FP-SSOP24-P-300-0_65A-IPC_A)
Add component (AddParameter): Name = "Case/Package"; Value = "SSOP"; VariantName = "[No Variations]"
Add component (AddParameter): Name = "Interface"; Value = "Parallel"; VariantName = "[No Variations]"
Add component (AddParameter): Name = "Logic Function"; Value = "AND GATE"; VariantName = "[No Variations]"
Add component (AddParameter): Name = "Max Operating Temperature"; Value = "85°C"; VariantName = "[No Variations]"
Add component (AddParameter): Name = "Max Supply Voltage"; Value = "5.5V"; VariantName = "[No Variations]"
Add component (AddParameter): Name = "Min Operating Temperature"; Value = "-20°C"; VariantName = "[No Variations]"
Add component (AddParameter): Name = "Min Supply Voltage"; Value = "2.7V"; VariantName = "[No Variations]"
Add component (AddParameter): Name = "Mount"; Value = "Surface Mount"; VariantName = "[No Variations]"
Add component (AddParameter): Name = "Number of Outputs"; Value = "2"; VariantName = "[No Variations]"
Add component (AddParameter): Name = "Number of Pins"; Value = "24"; VariantName = "[No Variations]"
Add component (AddParameter): Name = "Operating Supply Voltage"; Value = "3V"; VariantName = "[No Variations]"
Add component (AddParameter): Name = "Output Current"; Value = "1A"; VariantName = "[No Variations]"
Add component (AddParameter): Name = "Package Quantity"; Value = "1"; VariantName = "[No Variations]"
Add component (AddParameter): Name = "Packaging"; Value = "Tape and Reel"; VariantName = "[No Variations]"
Add component (AddParameter): Name = "Series"; Value = "-"; VariantName = "[No Variations]"
Added Component: Designator=U2(SOT229P700X180-4N)
Added Component: Designator=U3(QFN-56-GP)
Add component (AddParameter): Name = "Creater"; Value = "Gabriel de Leon"; VariantName = "[No Variations]"
Add component (AddParameter): Name = "Manufacturer"; Value = "Raspberry Pi"; VariantName = "[No Variations]"
Add component (AddParameter): Name = "Manufacturer Part Number"; Value = "RP2040"; VariantName = "[No Variations]"
Added Component: Designator=U4(VQFN16_BD9D300_ROM-M)
Add component (AddParameter): Name = "Mfr_Name"; Value = "ROHM Semiconductor"; VariantName = "[No Variations]"
Add component (AddParameter): Name = "RefDes"; Value = "RefDes"; VariantName = "[No Variations]"
Add component (AddParameter): Name = "Type"; Value = "Type"; VariantName = "[No Variations]"
Add Component: Footprint Not Found PQFN50P300X250X97-14N
Add Component: Footprint Not Found SOIC127P790X216-8N
Added Component: Designator=U7(SOT229P700X180-4N)
Added Component: Designator=Y1(FP-ABM8-MFG)
Add component (AddParameter): Name = "Case/Package"; Value = "CSMD"; VariantName = "[No Variations]"
Add component (AddParameter): Name = "Depth"; Value = "2.5mm"; VariantName = "[No Variations]"
Add component (AddParameter): Name = "ESR (Equivalent Series Resistance)"; Value = "120R"; VariantName = "[No Variations]"
Add component (AddParameter): Name = "Frequency"; Value = "12MHz"; VariantName = "[No Variations]"
Add component (AddParameter): Name = "Frequency Stability"; Value = "50ppm"; VariantName = "[No Variations]"
Add component (AddParameter): Name = "Frequency Tolerance"; Value = "20ppm"; VariantName = "[No Variations]"
Add component (AddParameter): Name = "Height"; Value = "0.031inch"; VariantName = "[No Variations]"
Add component (AddParameter): Name = "Lead Free"; Value = "Lead Free"; VariantName = "[No Variations]"
Add component (AddParameter): Name = "Length"; Value = "3.2mm"; VariantName = "[No Variations]"
Add component (AddParameter): Name = "Load Capacitance"; Value = "18pF"; VariantName = "[No Variations]"
Add component (AddParameter): Name = "Max Operating Temperature"; Value = "70°C"; VariantName = "[No Variations]"
Add component (AddParameter): Name = "Min Operating Temperature"; Value = "-20°C"; VariantName = "[No Variations]"
Add component (AddParameter): Name = "Mount"; Value = "Surface Mount"; VariantName = "[No Variations]"
Add component (AddParameter): Name = "Number of Pins"; Value = "4"; VariantName = "[No Variations]"
Add component (AddParameter): Name = "Operating Frequency"; Value = "12 MHz"; VariantName = "[No Variations]"
Add component (AddParameter): Name = "Package Quantity"; Value = "1000"; VariantName = "[No Variations]"
Add component (AddParameter): Name = "Packaging"; Value = "Tape and Reel"; VariantName = "[No Variations]"
Add component (AddParameter): Name = "Radiation Hardening"; Value = "No"; VariantName = "[No Variations]"
Add component (AddParameter): Name = "REACH SVHC"; Value = "No SVHC"; VariantName = "[No Variations]"
Add component (AddParameter): Name = "Resistor Type"; Value = "Ceramic"; VariantName = "[No Variations]"
Add component (AddParameter): Name = "RoHS Compliant"; Value = "Yes"; VariantName = "[No Variations]"
Add component (AddParameter): Name = "Series"; Value = "ABM8"; VariantName = "[No Variations]"
Add component (AddParameter): Name = "Series Resistance"; Value = "120R"; VariantName = "[No Variations]"
Add component (AddParameter): Name = "Termination"; Value = "SMD/SMT"; VariantName = "[No Variations]"
Add component (AddParameter): Name = "Tolerance"; Value = "20ppm"; VariantName = "[No Variations]"
Add component (AddParameter): Name = "Width"; Value = "0.098inch"; VariantName = "[No Variations]"
Added Pin To Net: NetName=+3V3 Pin=C5-2
Added Pin To Net: NetName=+3V3 Pin=C7-2
Added Pin To Net: NetName=+3V3 Pin=C8-2
Added Pin To Net: NetName=+3V3 Pin=C9-2
Added Pin To Net: NetName=+3V3 Pin=C10-2
Added Pin To Net: NetName=+3V3 Pin=C11-2
Added Pin To Net: NetName=+3V3 Pin=C12-2
Added Pin To Net: NetName=+3V3 Pin=C18-2
Added Pin To Net: NetName=+3V3 Pin=C26-2
Added Pin To Net: NetName=+3V3 Pin=C27-2
Added Pin To Net: NetName=+3V3 Pin=C28-2
Added Pin To Net: NetName=+3V3 Pin=C29-2
Added Pin To Net: NetName=+3V3 Pin=C31-1
Added Pin To Net: NetName=+3V3 Pin=C34-2
Added Pin To Net: NetName=+3V3 Pin=C35-2
Added Pin To Net: NetName=+3V3 Pin=J5-5
Added Pin To Net: NetName=+3V3 Pin=J6-5
Added Pin To Net: NetName=+3V3 Pin=M3-1
Added Pin To Net: NetName=+3V3 Pin=R12-1
Added Pin To Net: NetName=+3V3 Pin=TP9-1
Added Pin To Net: NetName=+3V3 Pin=U1-20
Added Pin To Net: NetName=+3V3 Pin=U2-2
Added Pin To Net: NetName=+3V3 Pin=U3-1
Added Pin To Net: NetName=+3V3 Pin=U3-10
Added Pin To Net: NetName=+3V3 Pin=U3-22
Added Pin To Net: NetName=+3V3 Pin=U3-33
Added Pin To Net: NetName=+3V3 Pin=U3-42
Added Pin To Net: NetName=+3V3 Pin=U3-43
Added Pin To Net: NetName=+3V3 Pin=U3-44
Added Pin To Net: NetName=+3V3 Pin=U3-48
Added Pin To Net: NetName=+3V3 Pin=U3-49
Added Net: Name=+3V3
Added Pin To Net: NetName=+5V Pin=C23-2
Added Pin To Net: NetName=+5V Pin=C24-2
Added Pin To Net: NetName=+5V Pin=J3-A4
Added Pin To Net: NetName=+5V Pin=J3-A9
Added Pin To Net: NetName=+5V Pin=J3-B4
Added Pin To Net: NetName=+5V Pin=J3-B9
Added Pin To Net: NetName=+5V Pin=M1-2
Added Pin To Net: NetName=+5V Pin=M2-2
Added Pin To Net: NetName=+5V Pin=TP10-1
Added Pin To Net: NetName=+5V Pin=U7-2
Added Net: Name=+5V
Added Pin To Net: NetName=5V Pin=C25-2
Added Pin To Net: NetName=5V Pin=U2-3
Added Net: Name=5V
Added Pin To Net: NetName=AIN1 Pin=U1-21
Added Pin To Net: NetName=AIN1 Pin=U3-29
Added Net: Name=AIN1
Added Pin To Net: NetName=AIN2 Pin=U1-22
Added Pin To Net: NetName=AIN2 Pin=U3-30
Added Net: Name=AIN2
Added Pin To Net: NetName=AO1 Pin=J6-1
Added Pin To Net: NetName=AO1 Pin=U1-1
Added Pin To Net: NetName=AO1 Pin=U1-2
Added Net: Name=AO1
Added Pin To Net: NetName=AO2 Pin=J6-6
Added Pin To Net: NetName=AO2 Pin=U1-5
Added Pin To Net: NetName=AO2 Pin=U1-6
Added Net: Name=AO2
Added Pin To Net: NetName=BAT Pin=C30-2
Added Pin To Net: NetName=BAT Pin=R8-2
Added Pin To Net: NetName=BAT Pin=R10-2
Added Pin To Net: NetName=BAT Pin=U3-38
Added Net: Name=BAT
Added Pin To Net: NetName=BIN1 Pin=U1-17
Added Pin To Net: NetName=BIN1 Pin=U3-28
Added Net: Name=BIN1
Added Pin To Net: NetName=BIN2 Pin=U1-16
Added Pin To Net: NetName=BIN2 Pin=U3-27
Added Net: Name=BIN2
Added Pin To Net: NetName=BO1 Pin=J5-1
Added Pin To Net: NetName=BO1 Pin=U1-11
Added Pin To Net: NetName=BO1 Pin=U1-12
Added Net: Name=BO1
Added Pin To Net: NetName=BO2 Pin=J5-6
Added Pin To Net: NetName=BO2 Pin=U1-7
Added Pin To Net: NetName=BO2 Pin=U1-8
Added Net: Name=BO2
Added Pin To Net: NetName=CSn Pin=TP1-1
Added Pin To Net: NetName=CSn Pin=U3-3
Added Net: Name=CSn
Added Pin To Net: NetName=Echo Pin=M3-3
Added Pin To Net: NetName=Echo Pin=U3-12
Added Net: Name=Echo
Added Pin To Net: NetName=GND Pin=C1-1
Added Pin To Net: NetName=GND Pin=C2-1
Added Pin To Net: NetName=GND Pin=C3-1
Added Pin To Net: NetName=GND Pin=C4-2
Added Pin To Net: NetName=GND Pin=C5-1
Added Pin To Net: NetName=GND Pin=C6-1
Added Pin To Net: NetName=GND Pin=C7-1
Added Pin To Net: NetName=GND Pin=C8-1
Added Pin To Net: NetName=GND Pin=C9-1
Added Pin To Net: NetName=GND Pin=C10-1
Added Pin To Net: NetName=GND Pin=C11-1
Added Pin To Net: NetName=GND Pin=C12-1
Added Pin To Net: NetName=GND Pin=C13-1
Added Pin To Net: NetName=GND Pin=C14-1
Added Pin To Net: NetName=GND Pin=C15-1
Added Pin To Net: NetName=GND Pin=C16-1
Added Pin To Net: NetName=GND Pin=C17-1
Added Pin To Net: NetName=GND Pin=C18-1
Added Pin To Net: NetName=GND Pin=C19-1
Added Pin To Net: NetName=GND Pin=C20-1
Added Pin To Net: NetName=GND Pin=C21-1
Added Pin To Net: NetName=GND Pin=C22-1
Added Pin To Net: NetName=GND Pin=C23-1
Added Pin To Net: NetName=GND Pin=C24-1
Added Pin To Net: NetName=GND Pin=C25-1
Added Pin To Net: NetName=GND Pin=C26-1
Added Pin To Net: NetName=GND Pin=C27-1
Added Pin To Net: NetName=GND Pin=C28-1
Added Pin To Net: NetName=GND Pin=C29-1
Added Pin To Net: NetName=GND Pin=C30-1
Added Pin To Net: NetName=GND Pin=C31-2
Added Pin To Net: NetName=GND Pin=C32-1
Added Pin To Net: NetName=GND Pin=C33-1
Added Pin To Net: NetName=GND Pin=C34-1
Added Pin To Net: NetName=GND Pin=C35-1
Added Pin To Net: NetName=GND Pin=C36-1
Added Pin To Net: NetName=GND Pin=D1-1
Added Pin To Net: NetName=GND Pin=J2-2
Added Pin To Net: NetName=GND Pin=J2-3
Added Pin To Net: NetName=GND Pin=J3-1
Added Pin To Net: NetName=GND Pin=J3-2
Added Pin To Net: NetName=GND Pin=J3-3
Added Pin To Net: NetName=GND Pin=J3-4
Added Pin To Net: NetName=GND Pin=J3-A1
Added Pin To Net: NetName=GND Pin=J3-A12
Added Pin To Net: NetName=GND Pin=J3-B1
Added Pin To Net: NetName=GND Pin=J3-B12
Added Pin To Net: NetName=GND Pin=J4-04
Added Pin To Net: NetName=GND Pin=J4-S1
Added Pin To Net: NetName=GND Pin=J4-S2
Added Pin To Net: NetName=GND Pin=J5-2
Added Pin To Net: NetName=GND Pin=J6-2
Added Pin To Net: NetName=GND Pin=M1-1
Added Pin To Net: NetName=GND Pin=M2-1
Added Pin To Net: NetName=GND Pin=M3-4
Added Pin To Net: NetName=GND Pin=R1-2
Added Pin To Net: NetName=GND Pin=R2-2
Added Pin To Net: NetName=GND Pin=R5-1
Added Pin To Net: NetName=GND Pin=R10-1
Added Pin To Net: NetName=GND Pin=SW1-2
Added Pin To Net: NetName=GND Pin=SW2-1
Added Pin To Net: NetName=GND Pin=TP8-1
Added Pin To Net: NetName=GND Pin=U1-3
Added Pin To Net: NetName=GND Pin=U1-4
Added Pin To Net: NetName=GND Pin=U1-9
Added Pin To Net: NetName=GND Pin=U1-10
Added Pin To Net: NetName=GND Pin=U1-18
Added Pin To Net: NetName=GND Pin=U2-1
Added Pin To Net: NetName=GND Pin=U3-19
Added Pin To Net: NetName=GND Pin=U3-57
Added Pin To Net: NetName=GND Pin=U4-6
Added Pin To Net: NetName=GND Pin=U4-7
Added Pin To Net: NetName=GND Pin=U4-8
Added Pin To Net: NetName=GND Pin=U4-15
Added Pin To Net: NetName=GND Pin=U4-16
Added Pin To Net: NetName=GND Pin=U4-17
Added Pin To Net: NetName=GND Pin=U7-1
Added Pin To Net: NetName=GND Pin=Y1-2
Added Pin To Net: NetName=GND Pin=Y1-4
Added Net: Name=GND
Added Pin To Net: NetName=INT Pin=U3-9
Added Net: Name=INT
Added Pin To Net: NetName=MA1 Pin=J6-4
Added Pin To Net: NetName=MA1 Pin=U3-15
Added Net: Name=MA1
Added Pin To Net: NetName=MA2 Pin=J5-4
Added Pin To Net: NetName=MA2 Pin=U3-32
Added Net: Name=MA2
Added Pin To Net: NetName=MB1 Pin=J6-3
Added Pin To Net: NetName=MB1 Pin=U3-16
Added Net: Name=MB1
Added Pin To Net: NetName=MB2 Pin=J5-3
Added Pin To Net: NetName=MB2 Pin=U3-31
Added Net: Name=MB2
Added Pin To Net: NetName=MISO Pin=TP2-1
Added Pin To Net: NetName=MISO Pin=U3-2
Added Net: Name=MISO
Added Pin To Net: NetName=MOSI Pin=TP3-1
Added Pin To Net: NetName=MOSI Pin=TP5-1
Added Pin To Net: NetName=MOSI Pin=U3-5
Added Pin To Net: NetName=MOSI Pin=U3-6
Added Net: Name=MOSI
Added Pin To Net: NetName=NetC4_1 Pin=C4-1
Added Pin To Net: NetName=NetC4_1 Pin=U4-9
Added Net: Name=NetC4_1
Added Pin To Net: NetName=NetC32_2 Pin=C32-2
Added Pin To Net: NetName=NetC32_2 Pin=C33-2
Added Pin To Net: NetName=NetC32_2 Pin=U1-13
Added Pin To Net: NetName=NetC32_2 Pin=U1-14
Added Net: Name=NetC32_2
Added Pin To Net: NetName=NetC36_2 Pin=C36-2
Added Net: Name=NetC36_2
Added Pin To Net: NetName=NetD1_2 Pin=D1-2
Added Pin To Net: NetName=NetD1_2 Pin=R9-1
Added Net: Name=NetD1_2
Added Pin To Net: NetName=NetJ3_A5 Pin=J3-A5
Added Pin To Net: NetName=NetJ3_A5 Pin=R1-1
Added Net: Name=NetJ3_A5
Added Pin To Net: NetName=NetJ3_B5 Pin=J3-B5
Added Pin To Net: NetName=NetJ3_B5 Pin=R2-1
Added Net: Name=NetJ3_B5
Added Pin To Net: NetName=NetL1_11 Pin=U4-1
Added Pin To Net: NetName=NetL1_11 Pin=U4-2
Added Pin To Net: NetName=NetL1_11 Pin=U4-3
Added Net: Name=NetL1_11
Added Pin To Net: NetName=NetR3_1 Pin=R3-1
Added Pin To Net: NetName=NetR3_1 Pin=U4-4
Added Net: Name=NetR3_1
Added Pin To Net: NetName=NetR4_1 Pin=R4-1
Added Pin To Net: NetName=NetR4_1 Pin=R5-2
Added Pin To Net: NetName=NetR4_1 Pin=U4-5
Added Net: Name=NetR4_1
Added Pin To Net: NetName=NetR4_2 Pin=R4-2
Added Pin To Net: NetName=NetR4_2 Pin=U4-14
Added Net: Name=NetR4_2
Added Pin To Net: NetName=NetR6_1 Pin=R6-1
Added Pin To Net: NetName=NetR6_1 Pin=U3-47
Added Net: Name=NetR6_1
Added Pin To Net: NetName=NetR7_1 Pin=R7-1
Added Pin To Net: NetName=NetR7_1 Pin=U3-46
Added Net: Name=NetR7_1
Added Pin To Net: NetName=NetR8_1 Pin=R8-1
Added Pin To Net: NetName=NetR8_1 Pin=R9-2
Added Net: Name=NetR8_1
Added Pin To Net: NetName=NetR11_1 Pin=R11-1
Added Pin To Net: NetName=NetR11_1 Pin=SW1-1
Added Net: Name=NetR11_1
Added Pin To Net: NetName=PWMA Pin=U1-23
Added Pin To Net: NetName=PWMA Pin=U3-17
Added Net: Name=PWMA
Added Pin To Net: NetName=PWMB Pin=U1-15
Added Pin To Net: NetName=PWMB Pin=U3-18
Added Net: Name=PWMB
Added Pin To Net: NetName=QSPI_SCLK Pin=U3-52
Added Net: Name=QSPI_SCLK
Added Pin To Net: NetName=QSPI_SD0 Pin=U3-53
Added Net: Name=QSPI_SD0
Added Pin To Net: NetName=QSPI_SD1 Pin=U3-55
Added Net: Name=QSPI_SD1
Added Pin To Net: NetName=QSPI_SD2 Pin=U3-54
Added Net: Name=QSPI_SD2
Added Pin To Net: NetName=QSPI_SD3 Pin=U3-51
Added Net: Name=QSPI_SD3
Added Pin To Net: NetName=QSPI_SS Pin=R11-2
Added Pin To Net: NetName=QSPI_SS Pin=U3-56
Added Net: Name=QSPI_SS
Added Pin To Net: NetName=RUN Pin=R12-2
Added Pin To Net: NetName=RUN Pin=SW2-2
Added Pin To Net: NetName=RUN Pin=U3-26
Added Net: Name=RUN
Added Pin To Net: NetName=SCK Pin=TP4-1
Added Pin To Net: NetName=SCK Pin=U3-4
Added Pin To Net: NetName=SCK Pin=U3-7
Added Net: Name=SCK
Added Pin To Net: NetName=SERVO1 Pin=M1-3
Added Pin To Net: NetName=SERVO1 Pin=U3-8
Added Net: Name=SERVO1
Added Pin To Net: NetName=SERVO2 Pin=M2-3
Added Pin To Net: NetName=SERVO2 Pin=U3-11
Added Net: Name=SERVO2
Added Pin To Net: NetName=SWCLK Pin=TP6-1
Added Pin To Net: NetName=SWCLK Pin=U3-24
Added Net: Name=SWCLK
Added Pin To Net: NetName=SWDIO Pin=TP7-1
Added Pin To Net: NetName=SWDIO Pin=U3-25
Added Net: Name=SWDIO
Added Pin To Net: NetName=Trig Pin=M3-2
Added Pin To Net: NetName=Trig Pin=U3-13
Added Net: Name=Trig
Added Pin To Net: NetName=USB_D_N Pin=J3-A7
Added Pin To Net: NetName=USB_D_N Pin=J3-B7
Added Pin To Net: NetName=USB_D_N Pin=R7-2
Added Net: Name=USB_D_N
Added Pin To Net: NetName=USB_D_P Pin=J3-A6
Added Pin To Net: NetName=USB_D_P Pin=J3-B6
Added Pin To Net: NetName=USB_D_P Pin=R6-2
Added Net: Name=USB_D_P
Added Pin To Net: NetName=VCC1V1 Pin=C13-2
Added Pin To Net: NetName=VCC1V1 Pin=C14-2
Added Pin To Net: NetName=VCC1V1 Pin=C15-2
Added Pin To Net: NetName=VCC1V1 Pin=U3-23
Added Pin To Net: NetName=VCC1V1 Pin=U3-45
Added Pin To Net: NetName=VCC1V1 Pin=U3-50
Added Net: Name=VCC1V1
Added Pin To Net: NetName=VCC5V Pin=C3-2
Added Pin To Net: NetName=VCC5V Pin=C19-2
Added Pin To Net: NetName=VCC5V Pin=C20-2
Added Pin To Net: NetName=VCC5V Pin=J4-01
Added Pin To Net: NetName=VCC5V Pin=R3-2
Added Pin To Net: NetName=VCC5V Pin=TP11-1
Added Net: Name=VCC5V
Added Pin To Net: NetName=Vin Pin=C1-2
Added Pin To Net: NetName=Vin Pin=C2-2
Added Pin To Net: NetName=Vin Pin=C16-2
Added Pin To Net: NetName=Vin Pin=C17-2
Added Pin To Net: NetName=Vin Pin=C22-2
Added Pin To Net: NetName=Vin Pin=J2-1
Added Pin To Net: NetName=Vin Pin=U1-24
Added Pin To Net: NetName=Vin Pin=U4-10
Added Pin To Net: NetName=Vin Pin=U4-11
Added Pin To Net: NetName=Vin Pin=U4-12
Added Pin To Net: NetName=Vin Pin=U7-3
Added Net: Name=Vin
Added Pin To Net: NetName=XIN Pin=C21-2
Added Pin To Net: NetName=XIN Pin=U3-20
Added Pin To Net: NetName=XIN Pin=Y1-1
Added Net: Name=XIN
Added Pin To Net: NetName=XOUT Pin=C6-2
Added Pin To Net: NetName=XOUT Pin=U3-21
Added Pin To Net: NetName=XOUT Pin=Y1-3
Added Net: Name=XOUT
Added Class: Name=board schematic
Added Differential Pair: Name=USB_D
Added Room: Name=board schematic
